<?xml version="1.0" encoding="UTF-8"?>
<!-- Generated by org.testng.reporters.JUnitXMLReporter -->
<testsuite ignored="0" hostname="DESKTOP-IBQ26Q4" failures="0" tests="3" name="Login_validation" time="15.903" errors="0" timestamp="2021-05-04T00:49:34 IST">
  <testcase classname="Academy.homePage" name="basePageNavigation" time="7.099"/>
  <testcase classname="Academy.homePage" name="pageAccess" time="0.884"/>
  <testcase classname="Academy.validateTitle" name="basePageNavigation" time="7.354"/>
</testsuite> <!-- Login_validation -->
