<?xml version="1.0" encoding="UTF-8"?>
<!-- Generated by org.testng.reporters.JUnitXMLReporter -->
<testsuite ignored="0" hostname="DESKTOP-IBQ26Q4" failures="0" tests="3" name="Browser" time="16.049" errors="0" timestamp="2021-05-04T01:10:02 IST">
  <testcase classname="Academy.homePageTest" name="basePageNavigation" time="7.517"/>
  <testcase classname="Academy.homePageTest" name="pageAccess" time="0.665"/>
  <testcase classname="Academy.validateTitleTest" name="basePageNavigation" time="7.218"/>
</testsuite> <!-- Browser -->
